This is pdfTeX, Version 3.141592653-2.6-1.40.24 (MiKTeX 22.10) (preloaded format=pdflatex 2022.11.20)  22 AUG 2023 20:33
entering extended mode
 restricted \write18 enabled.
 %&-line parsing enabled.
**./DETECTAR_BORDES_IMAGENES_OSCURAS.tex
(DETECTAR_BORDES_IMAGENES_OSCURAS.tex
LaTeX2e <2022-06-01> patch level 5
L3 programming layer <2022-09-28>
(C:\Users\Gustavo\AppData\Local\Programs\MiKTeX\tex/latex/base\article.cls
Document Class: article 2021/10/04 v1.4n Standard LaTeX document class
(C:\Users\Gustavo\AppData\Local\Programs\MiKTeX\tex/latex/base\size11.clo
File: size11.clo 2021/10/04 v1.4n Standard LaTeX file (size option)
)
\c@part=\count185
\c@section=\count186
\c@subsection=\count187
\c@subsubsection=\count188
\c@paragraph=\count189
\c@subparagraph=\count190
\c@figure=\count191
\c@table=\count192
\abovecaptionskip=\skip47
\belowcaptionskip=\skip48
\bibindent=\dimen138
)
(C:\Users\Gustavo\AppData\Local\Programs\MiKTeX\tex/latex/graphics\graphicx.sty
Package: graphicx 2021/09/16 v1.2d Enhanced LaTeX Graphics (DPC,SPQR)
(C:\Users\Gustavo\AppData\Local\Programs\MiKTeX\tex/latex/graphics\keyval.sty
Package: keyval 2022/05/29 v1.15 key=value parser (DPC)
\KV@toks@=\toks16
)
(C:\Users\Gustavo\AppData\Local\Programs\MiKTeX\tex/latex/graphics\graphics.sty
Package: graphics 2022/03/10 v1.4e Standard LaTeX Graphics (DPC,SPQR)
(C:\Users\Gustavo\AppData\Local\Programs\MiKTeX\tex/latex/graphics\trig.sty
Package: trig 2021/08/11 v1.11 sin cos tan (DPC)
)
(C:\Users\Gustavo\AppData\Local\Programs\MiKTeX\tex/latex/graphics-cfg\graphics
.cfg
File: graphics.cfg 2016/06/04 v1.11 sample graphics configuration
)
Package graphics Info: Driver file: pdftex.def on input line 107.

(C:\Users\Gustavo\AppData\Local\Programs\MiKTeX\tex/latex/graphics-def\pdftex.d
ef
File: pdftex.def 2022/09/22 v1.2b Graphics/color driver for pdftex
\stockwidth=\dimen139
\stockheight=\dimen140
))
\Gin@req@height=\dimen141
\Gin@req@width=\dimen142
)
(C:\Users\Gustavo\AppData\Local\Programs\MiKTeX\tex/latex/graphics\epsfig.sty
Package: epsfig 2017/06/25 v1.7b (e)psfig emulation (SPQR)
\epsfxsize=\dimen143
\epsfysize=\dimen144
)
(C:\Users\Gustavo\AppData\Local\Programs\MiKTeX\tex/generic/babel\babel.sty
Package: babel 2022/10/04 3.81 The Babel package
\babel@savecnt=\count193
\U@D=\dimen145
\l@unhyphenated=\language79

(C:\Users\Gustavo\AppData\Local\Programs\MiKTeX\tex/generic/babel\txtbabel.def)
\bbl@readstream=\read2
\bbl@dirlevel=\count194
*************************************
* Local config file bblopts.cfg used
*
(C:\Users\Gustavo\AppData\Local\Programs\MiKTeX\tex/latex/arabi\bblopts.cfg
File: bblopts.cfg 2005/09/08 v0.1 add Arabic and Farsi to "declared" options of
 babel
)
(C:\Users\Gustavo\AppData\Local\Programs\MiKTeX\tex/latex/babel-spanish\spanish
.ldf
Language: spanish.ldf 2021/05/27 v5.0q Spanish support from the babel system
\es@quottoks=\toks17
\es@quotdepth=\count195
Package babel Info: Making " an active character on input line 570.
Package babel Info: Making . an active character on input line 675.
Package babel Info: Making < an active character on input line 722.
Package babel Info: Making > an active character on input line 722.
Package babel Info: Making ' an active character on input line 740.
))
(C:\Users\Gustavo\AppData\Local\Programs\MiKTeX\tex/generic/babel/locale/es\bab
el-spanish.tex
Package babel Info: Importing font and identification data for spanish
(babel)             from babel-es.ini. Reported on input line 11.
)
(C:\Users\Gustavo\AppData\Local\Programs\MiKTeX\tex/latex/amsfonts\amssymb.sty
Package: amssymb 2013/01/14 v3.01 AMS font symbols

(C:\Users\Gustavo\AppData\Local\Programs\MiKTeX\tex/latex/amsfonts\amsfonts.sty
Package: amsfonts 2013/01/14 v3.01 Basic AMSFonts support
\@emptytoks=\toks18
\symAMSa=\mathgroup4
\symAMSb=\mathgroup5
LaTeX Font Info:    Redeclaring math symbol \hbar on input line 98.
LaTeX Font Info:    Overwriting math alphabet `\mathfrak' in version `bold'
(Font)                  U/euf/m/n --> U/euf/b/n on input line 106.
))
(C:\Users\Gustavo\AppData\Local\Programs\MiKTeX\tex/latex/amsmath\amsmath.sty
Package: amsmath 2022/04/08 v2.17n AMS math features
\@mathmargin=\skip49

For additional information on amsmath, use the `?' option.
(C:\Users\Gustavo\AppData\Local\Programs\MiKTeX\tex/latex/amsmath\amstext.sty
Package: amstext 2021/08/26 v2.01 AMS text

(C:\Users\Gustavo\AppData\Local\Programs\MiKTeX\tex/latex/amsmath\amsgen.sty
File: amsgen.sty 1999/11/30 v2.0 generic functions
\@emptytoks=\toks19
\ex@=\dimen146
))
(C:\Users\Gustavo\AppData\Local\Programs\MiKTeX\tex/latex/amsmath\amsbsy.sty
Package: amsbsy 1999/11/29 v1.2d Bold Symbols
\pmbraise@=\dimen147
)
(C:\Users\Gustavo\AppData\Local\Programs\MiKTeX\tex/latex/amsmath\amsopn.sty
Package: amsopn 2022/04/08 v2.04 operator names
)
\inf@bad=\count196
LaTeX Info: Redefining \frac on input line 234.
\uproot@=\count197
\leftroot@=\count198
LaTeX Info: Redefining \overline on input line 399.
LaTeX Info: Redefining \colon on input line 410.
\classnum@=\count199
\DOTSCASE@=\count266
LaTeX Info: Redefining \ldots on input line 496.
LaTeX Info: Redefining \dots on input line 499.
LaTeX Info: Redefining \cdots on input line 620.
\Mathstrutbox@=\box51
\strutbox@=\box52
LaTeX Info: Redefining \big on input line 722.
LaTeX Info: Redefining \Big on input line 723.
LaTeX Info: Redefining \bigg on input line 724.
LaTeX Info: Redefining \Bigg on input line 725.
\big@size=\dimen148
LaTeX Font Info:    Redeclaring font encoding OML on input line 743.
LaTeX Font Info:    Redeclaring font encoding OMS on input line 744.
\macc@depth=\count267
LaTeX Info: Redefining \bmod on input line 905.
LaTeX Info: Redefining \pmod on input line 910.
LaTeX Info: Redefining \smash on input line 940.
LaTeX Info: Redefining \relbar on input line 970.
LaTeX Info: Redefining \Relbar on input line 971.
\c@MaxMatrixCols=\count268
\dotsspace@=\muskip16
\c@parentequation=\count269
\dspbrk@lvl=\count270
\tag@help=\toks20
\row@=\count271
\column@=\count272
\maxfields@=\count273
\andhelp@=\toks21
\eqnshift@=\dimen149
\alignsep@=\dimen150
\tagshift@=\dimen151
\tagwidth@=\dimen152
\totwidth@=\dimen153
\lineht@=\dimen154
\@envbody=\toks22
\multlinegap=\skip50
\multlinetaggap=\skip51
\mathdisplay@stack=\toks23
LaTeX Info: Redefining \[ on input line 2953.
LaTeX Info: Redefining \] on input line 2954.
)
(C:\Users\Gustavo\AppData\Local\Programs\MiKTeX\tex/latex/xcolor\xcolor.sty
Package: xcolor 2022/06/12 v2.14 LaTeX color extensions (UK)

(C:\Users\Gustavo\AppData\Local\Programs\MiKTeX\tex/latex/graphics-cfg\color.cf
g
File: color.cfg 2016/01/02 v1.6 sample color configuration
)
Package xcolor Info: Driver file: pdftex.def on input line 227.

(C:\Users\Gustavo\AppData\Local\Programs\MiKTeX\tex/latex/graphics\mathcolor.lt
x)
Package xcolor Info: Model `cmy' substituted by `cmy0' on input line 1353.
Package xcolor Info: Model `hsb' substituted by `rgb' on input line 1357.
Package xcolor Info: Model `RGB' extended on input line 1369.
Package xcolor Info: Model `HTML' substituted by `rgb' on input line 1371.
Package xcolor Info: Model `Hsb' substituted by `hsb' on input line 1372.
Package xcolor Info: Model `tHsb' substituted by `hsb' on input line 1373.
Package xcolor Info: Model `HSB' substituted by `hsb' on input line 1374.
Package xcolor Info: Model `Gray' substituted by `gray' on input line 1375.
Package xcolor Info: Model `wave' substituted by `hsb' on input line 1376.
)
(C:\Users\Gustavo\AppData\Local\Programs\MiKTeX\tex/latex/fancyhdr\fancyhdr.sty
Package: fancyhdr 2022/11/09 v4.1 Extensive control of page headers and footers

\f@nch@headwidth=\skip52
\f@nch@O@elh=\skip53
\f@nch@O@erh=\skip54
\f@nch@O@olh=\skip55
\f@nch@O@orh=\skip56
\f@nch@O@elf=\skip57
\f@nch@O@erf=\skip58
\f@nch@O@olf=\skip59
\f@nch@O@orf=\skip60
) (C:\Users\Gustavo\AppData\Local\Programs\MiKTeX\tex/latex/base\textcomp.sty
Package: textcomp 2020/02/02 v2.0n Standard LaTeX package
)
(C:\Users\Gustavo\AppData\Local\Programs\MiKTeX\tex/latex/hyperref\hyperref.sty
Package: hyperref 2022-09-22 v7.00t Hypertext links for LaTeX

(C:\Users\Gustavo\AppData\Local\Programs\MiKTeX\tex/generic/ltxcmds\ltxcmds.sty
Package: ltxcmds 2020-05-10 v1.25 LaTeX kernel commands for general use (HO)
) (C:\Users\Gustavo\AppData\Local\Programs\MiKTeX\tex/generic/iftex\iftex.sty
Package: iftex 2022/02/03 v1.0f TeX engine tests
)
(C:\Users\Gustavo\AppData\Local\Programs\MiKTeX\tex/generic/pdftexcmds\pdftexcm
ds.sty
Package: pdftexcmds 2020-06-27 v0.33 Utility functions of pdfTeX for LuaTeX (HO
)

(C:\Users\Gustavo\AppData\Local\Programs\MiKTeX\tex/generic/infwarerr\infwarerr
.sty
Package: infwarerr 2019/12/03 v1.5 Providing info/warning/error messages (HO)
)
Package pdftexcmds Info: \pdf@primitive is available.
Package pdftexcmds Info: \pdf@ifprimitive is available.
Package pdftexcmds Info: \pdfdraftmode found.
)
(C:\Users\Gustavo\AppData\Local\Programs\MiKTeX\tex/latex/kvsetkeys\kvsetkeys.s
ty
Package: kvsetkeys 2022-10-05 v1.19 Key value parser (HO)
)
(C:\Users\Gustavo\AppData\Local\Programs\MiKTeX\tex/generic/kvdefinekeys\kvdefi
nekeys.sty
Package: kvdefinekeys 2019-12-19 v1.6 Define keys (HO)
)
(C:\Users\Gustavo\AppData\Local\Programs\MiKTeX\tex/generic/pdfescape\pdfescape
.sty
Package: pdfescape 2019/12/09 v1.15 Implements pdfTeX's escape features (HO)
)
(C:\Users\Gustavo\AppData\Local\Programs\MiKTeX\tex/latex/hycolor\hycolor.sty
Package: hycolor 2020-01-27 v1.10 Color options for hyperref/bookmark (HO)
)
(C:\Users\Gustavo\AppData\Local\Programs\MiKTeX\tex/latex/letltxmacro\letltxmac
ro.sty
Package: letltxmacro 2019/12/03 v1.6 Let assignment for LaTeX macros (HO)
)
(C:\Users\Gustavo\AppData\Local\Programs\MiKTeX\tex/latex/auxhook\auxhook.sty
Package: auxhook 2019-12-17 v1.6 Hooks for auxiliary files (HO)
)
(C:\Users\Gustavo\AppData\Local\Programs\MiKTeX\tex/latex/hyperref\nameref.sty
Package: nameref 2022-05-17 v2.50 Cross-referencing by name of section

(C:\Users\Gustavo\AppData\Local\Programs\MiKTeX\tex/latex/refcount\refcount.sty
Package: refcount 2019/12/15 v3.6 Data extraction from label references (HO)
)
(C:\Users\Gustavo\AppData\Local\Programs\MiKTeX\tex/generic/gettitlestring\gett
itlestring.sty
Package: gettitlestring 2019/12/15 v1.6 Cleanup title references (HO)

(C:\Users\Gustavo\AppData\Local\Programs\MiKTeX\tex/latex/kvoptions\kvoptions.s
ty
Package: kvoptions 2022-06-15 v3.15 Key value format for package options (HO)
))
\c@section@level=\count274
)
\@linkdim=\dimen155
\Hy@linkcounter=\count275
\Hy@pagecounter=\count276

(C:\Users\Gustavo\AppData\Local\Programs\MiKTeX\tex/latex/hyperref\pd1enc.def
File: pd1enc.def 2022-09-22 v7.00t Hyperref: PDFDocEncoding definition (HO)
Now handling font encoding PD1 ...
... no UTF-8 mapping file for font encoding PD1
)
(C:\Users\Gustavo\AppData\Local\Programs\MiKTeX\tex/generic/intcalc\intcalc.sty
Package: intcalc 2019/12/15 v1.3 Expandable calculations with integers (HO)
)
(C:\Users\Gustavo\AppData\Local\Programs\MiKTeX\tex/generic/etexcmds\etexcmds.s
ty
Package: etexcmds 2019/12/15 v1.7 Avoid name clashes with e-TeX commands (HO)
)
\Hy@SavedSpaceFactor=\count277

(C:\Users\Gustavo\AppData\Local\Programs\MiKTeX\tex/latex/hyperref\puenc.def
File: puenc.def 2022-09-22 v7.00t Hyperref: PDF Unicode definition (HO)
Now handling font encoding PU ...
... no UTF-8 mapping file for font encoding PU
)
Package hyperref Info: Hyper figures OFF on input line 4162.
Package hyperref Info: Link nesting OFF on input line 4167.
Package hyperref Info: Hyper index ON on input line 4170.
Package hyperref Info: Plain pages OFF on input line 4177.
Package hyperref Info: Backreferencing OFF on input line 4182.
Package hyperref Info: Implicit mode ON; LaTeX internals redefined.
Package hyperref Info: Bookmarks ON on input line 4410.
\c@Hy@tempcnt=\count278

(C:\Users\Gustavo\AppData\Local\Programs\MiKTeX\tex/latex/url\url.sty
\Urlmuskip=\muskip17
Package: url 2013/09/16  ver 3.4  Verb mode for urls, etc.
)
LaTeX Info: Redefining \url on input line 4748.
\XeTeXLinkMargin=\dimen156

(C:\Users\Gustavo\AppData\Local\Programs\MiKTeX\tex/generic/bitset\bitset.sty
Package: bitset 2019/12/09 v1.3 Handle bit-vector datatype (HO)

(C:\Users\Gustavo\AppData\Local\Programs\MiKTeX\tex/generic/bigintcalc\bigintca
lc.sty
Package: bigintcalc 2019/12/15 v1.5 Expandable calculations on big integers (HO
)
))
\Fld@menulength=\count279
\Field@Width=\dimen157
\Fld@charsize=\dimen158
Package hyperref Info: Hyper figures OFF on input line 6027.
Package hyperref Info: Link nesting OFF on input line 6032.
Package hyperref Info: Hyper index ON on input line 6035.
Package hyperref Info: backreferencing OFF on input line 6042.
Package hyperref Info: Link coloring OFF on input line 6047.
Package hyperref Info: Link coloring with OCG OFF on input line 6052.
Package hyperref Info: PDF/A mode OFF on input line 6057.

(C:\Users\Gustavo\AppData\Local\Programs\MiKTeX\tex/latex/base\atbegshi-ltx.sty
Package: atbegshi-ltx 2021/01/10 v1.0c Emulation of the original atbegshi
package with kernel methods
)
\Hy@abspage=\count280
\c@Item=\count281
\c@Hfootnote=\count282
)
Package hyperref Info: Driver: hpdftex.

(C:\Users\Gustavo\AppData\Local\Programs\MiKTeX\tex/latex/hyperref\hpdftex.def
File: hpdftex.def 2022-09-22 v7.00t Hyperref driver for pdfTeX

(C:\Users\Gustavo\AppData\Local\Programs\MiKTeX\tex/latex/base\atveryend-ltx.st
y
Package: atveryend-ltx 2020/08/19 v1.0a Emulation of the original atveryend pac
kage
with kernel methods
)
\Fld@listcount=\count283
\c@bookmark@seq@number=\count284

(C:\Users\Gustavo\AppData\Local\Programs\MiKTeX\tex/latex/rerunfilecheck\rerunf
ilecheck.sty
Package: rerunfilecheck 2022-07-10 v1.10 Rerun checks for auxiliary files (HO)

(C:\Users\Gustavo\AppData\Local\Programs\MiKTeX\tex/generic/uniquecounter\uniqu
ecounter.sty
Package: uniquecounter 2019/12/15 v1.4 Provide unlimited unique counter (HO)
)
Package uniquecounter Info: New unique counter `rerunfilecheck' on input line 2
85.
)
\Hy@SectionHShift=\skip61
)
Package hyperref Info: Option `colorlinks' set `true' on input line 18.

(C:\Users\Gustavo\AppData\Local\Programs\MiKTeX\tex/latex/base\inputenc.sty
Package: inputenc 2021/02/14 v1.3d Input encoding file
\inpenc@prehook=\toks24
\inpenc@posthook=\toks25

(C:\Users\Gustavo\AppData\Local\Programs\MiKTeX\tex/latex/base\latin1.def
File: latin1.def 2021/02/14 v1.3d Input encoding file
))
(C:\Users\Gustavo\AppData\Local\Programs\MiKTeX\tex/latex/l3backend\l3backend-p
dftex.def
File: l3backend-pdftex.def 2022-09-28 L3 backend support: PDF output (pdfTeX)
\l__color_backend_stack_int=\count285
\l__pdf_internal_box=\box53
) (DETECTAR_BORDES_IMAGENES_OSCURAS.aux
LaTeX Info: Redefining \. on input line 23.
LaTeX Info: Redefining \% on input line 23.
)
\openout1 = `DETECTAR_BORDES_IMAGENES_OSCURAS.aux'.

LaTeX Font Info:    Checking defaults for OML/cmm/m/it on input line 30.
LaTeX Font Info:    ... okay on input line 30.
LaTeX Font Info:    Checking defaults for OMS/cmsy/m/n on input line 30.
LaTeX Font Info:    ... okay on input line 30.
LaTeX Font Info:    Checking defaults for OT1/cmr/m/n on input line 30.
LaTeX Font Info:    ... okay on input line 30.
LaTeX Font Info:    Checking defaults for T1/cmr/m/n on input line 30.
LaTeX Font Info:    ... okay on input line 30.
LaTeX Font Info:    Checking defaults for TS1/cmr/m/n on input line 30.
LaTeX Font Info:    ... okay on input line 30.
LaTeX Font Info:    Checking defaults for OMX/cmex/m/n on input line 30.
LaTeX Font Info:    ... okay on input line 30.
LaTeX Font Info:    Checking defaults for U/cmr/m/n on input line 30.
LaTeX Font Info:    ... okay on input line 30.
LaTeX Font Info:    Checking defaults for PD1/pdf/m/n on input line 30.
LaTeX Font Info:    ... okay on input line 30.
LaTeX Font Info:    Checking defaults for PU/pdf/m/n on input line 30.
LaTeX Font Info:    ... okay on input line 30.

(C:\Users\Gustavo\AppData\Local\Programs\MiKTeX\tex/context/base/mkii\supp-pdf.
mkii
[Loading MPS to PDF converter (version 2006.09.02).]
\scratchcounter=\count286
\scratchdimen=\dimen159
\scratchbox=\box54
\nofMPsegments=\count287
\nofMParguments=\count288
\everyMPshowfont=\toks26
\MPscratchCnt=\count289
\MPscratchDim=\dimen160
\MPnumerator=\count290
\makeMPintoPDFobject=\count291
\everyMPtoPDFconversion=\toks27
)
(C:\Users\Gustavo\AppData\Local\Programs\MiKTeX\tex/latex/epstopdf-pkg\epstopdf
-base.sty
Package: epstopdf-base 2020-01-24 v2.11 Base part for package epstopdf

(C:\Users\Gustavo\AppData\Local\Programs\MiKTeX\tex/latex/grfext\grfext.sty
Package: grfext 2019/12/03 v1.3 Manage graphics extensions (HO)
)
Package epstopdf-base Info: Redefining graphics rule for `.eps' on input line 4
85.
Package grfext Info: Graphics extension search list:
(grfext)             [.pdf,.png,.jpg,.mps,.jpeg,.jbig2,.jb2,.PDF,.PNG,.JPG,.JPE
G,.JBIG2,.JB2,.eps]
(grfext)             \AppendGraphicsExtensions on input line 504.

(C:\Users\Gustavo\AppData\Local\Programs\MiKTeX\tex/latex/00miktex\epstopdf-sys
.cfg
File: epstopdf-sys.cfg 2021/03/18 v2.0 Configuration of epstopdf for MiKTeX
))
LaTeX Info: Redefining \. on input line 30.
LaTeX Info: Redefining \% on input line 30.
Package hyperref Info: Link coloring ON on input line 30.
 (DETECTAR_BORDES_IMAGENES_OSCURAS.out)
(DETECTAR_BORDES_IMAGENES_OSCURAS.out)
\@outlinefile=\write3
\openout3 = `DETECTAR_BORDES_IMAGENES_OSCURAS.out'.

LaTeX Font Info:    Trying to load font information for U+msa on input line 37.


(C:\Users\Gustavo\AppData\Local\Programs\MiKTeX\tex/latex/amsfonts\umsa.fd
File: umsa.fd 2013/01/14 v3.01 AMS symbols A
)
LaTeX Font Info:    Trying to load font information for U+msb on input line 37.


(C:\Users\Gustavo\AppData\Local\Programs\MiKTeX\tex/latex/amsfonts\umsb.fd
File: umsb.fd 2013/01/14 v3.01 AMS symbols B
)
\c@thm=\count292
\c@proof=\count293
\c@defi=\count294
\c@lem=\count295
\c@obs=\count296
\c@note=\count297

Underfull \hbox (badness 10000) in paragraph at lines 65--69

 []


Underfull \hbox (badness 10000) in paragraph at lines 72--77

 []


Underfull \hbox (badness 10000) in paragraph at lines 72--77

 []

[1

{C:/Users/Gustavo/AppData/Local/MiKTeX/fonts/map/pdftex/pdftex.map}] [2]
<Figures/BECQUER2.jpg, id=54, 302.12875pt x 404.51125pt>
File: Figures/BECQUER2.jpg Graphic file (type jpg)
<use Figures/BECQUER2.jpg>
Package pdftex.def Info: Figures/BECQUER2.jpg  used on input line 91.
(pdftex.def)             Requested size: 113.81102pt x 152.37646pt.
<Figures/ASUMU_DETECTOR_BECQUER_0_81.png, id=55, 226.59656pt x 303.38344pt>
File: Figures/ASUMU_DETECTOR_BECQUER_0_81.png Graphic file (type png)
<use Figures/ASUMU_DETECTOR_BECQUER_0_81.png>
Package pdftex.def Info: Figures/ASUMU_DETECTOR_BECQUER_0_81.png  used on input
 line 91.
(pdftex.def)             Requested size: 113.81102pt x 152.37646pt.
<Figures/BECQUER_LOG.png, id=57, 226.59656pt x 303.38344pt>
File: Figures/BECQUER_LOG.png Graphic file (type png)
<use Figures/BECQUER_LOG.png>
Package pdftex.def Info: Figures/BECQUER_LOG.png  used on input line 91.
(pdftex.def)             Requested size: 113.81102pt x 152.37646pt.
<Figures/C_F_DETECTOR_BECQUER_0_9.png, id=58, 226.59656pt x 303.38344pt>
File: Figures/C_F_DETECTOR_BECQUER_0_9.png Graphic file (type png)
<use Figures/C_F_DETECTOR_BECQUER_0_9.png>
Package pdftex.def Info: Figures/C_F_DETECTOR_BECQUER_0_9.png  used on input li
ne 95.
(pdftex.def)             Requested size: 113.81102pt x 152.37646pt.
<Figures/CAPUTO_DETECTOR_BECQUER_0_9.png, id=59, 226.59656pt x 303.38344pt>
File: Figures/CAPUTO_DETECTOR_BECQUER_0_9.png Graphic file (type png)
<use Figures/CAPUTO_DETECTOR_BECQUER_0_9.png>
Package pdftex.def Info: Figures/CAPUTO_DETECTOR_BECQUER_0_9.png  used on input
 line 95.
(pdftex.def)             Requested size: 113.81102pt x 152.37646pt.
<Figures/BECQUER_PREWITT.png, id=60, 226.59656pt x 303.38344pt>
File: Figures/BECQUER_PREWITT.png Graphic file (type png)
<use Figures/BECQUER_PREWITT.png>
Package pdftex.def Info: Figures/BECQUER_PREWITT.png  used on input line 95.
(pdftex.def)             Requested size: 113.81102pt x 152.37646pt.
<Figures/BECQUER_SOBEL.png, id=61, 226.59656pt x 303.38344pt>
File: Figures/BECQUER_SOBEL.png Graphic file (type png)
<use Figures/BECQUER_SOBEL.png>
Package pdftex.def Info: Figures/BECQUER_SOBEL.png  used on input line 99.
(pdftex.def)             Requested size: 113.81102pt x 152.37646pt.
<Figures/BECQUER_CANNY.png, id=62, 226.59656pt x 303.38344pt>
File: Figures/BECQUER_CANNY.png Graphic file (type png)
<use Figures/BECQUER_CANNY.png>
Package pdftex.def Info: Figures/BECQUER_CANNY.png  used on input line 99.
(pdftex.def)             Requested size: 113.81102pt x 152.37646pt.
<Figures/BECQUER_ROBERT.png, id=63, 226.59656pt x 303.38344pt>
File: Figures/BECQUER_ROBERT.png Graphic file (type png)
<use Figures/BECQUER_ROBERT.png>
Package pdftex.def Info: Figures/BECQUER_ROBERT.png  used on input line 99.
(pdftex.def)             Requested size: 113.81102pt x 152.37646pt.
<Figures/dark_girl.png, id=70, 341.02406pt x 391.4625pt>
File: Figures/dark_girl.png Graphic file (type png)
<use Figures/dark_girl.png>
Package pdftex.def Info: Figures/dark_girl.png  used on input line 112.
(pdftex.def)             Requested size: 142.26378pt x 163.30807pt.
<Figures/DARK_GIRL_ASUMU_OPERATOR_0_89.png, id=71, 341.02406pt x 391.4625pt>
File: Figures/DARK_GIRL_ASUMU_OPERATOR_0_89.png Graphic file (type png)
<use Figures/DARK_GIRL_ASUMU_OPERATOR_0_89.png>
Package pdftex.def Info: Figures/DARK_GIRL_ASUMU_OPERATOR_0_89.png  used on inp
ut line 112.
(pdftex.def)             Requested size: 142.26378pt x 163.30807pt.
<Figures/DARK_GIRL_LOG.png, id=72, 341.02406pt x 391.4625pt>
File: Figures/DARK_GIRL_LOG.png Graphic file (type png)
<use Figures/DARK_GIRL_LOG.png>
Package pdftex.def Info: Figures/DARK_GIRL_LOG.png  used on input line 112.
(pdftex.def)             Requested size: 142.26378pt x 163.30807pt.
<Figures/DARK_GIRL_CF_0_89.png, id=73, 341.02406pt x 391.4625pt>
File: Figures/DARK_GIRL_CF_0_89.png Graphic file (type png)
<use Figures/DARK_GIRL_CF_0_89.png>
Package pdftex.def Info: Figures/DARK_GIRL_CF_0_89.png  used on input line 116.

(pdftex.def)             Requested size: 142.26378pt x 163.30807pt.
<Figures/DARK_GIRL_CAPUTO_0_9.png, id=74, 341.02406pt x 391.4625pt>
File: Figures/DARK_GIRL_CAPUTO_0_9.png Graphic file (type png)
<use Figures/DARK_GIRL_CAPUTO_0_9.png>
Package pdftex.def Info: Figures/DARK_GIRL_CAPUTO_0_9.png  used on input line 1
16.
(pdftex.def)             Requested size: 142.26378pt x 163.30807pt.
<Figures/DARK_GIRL_PREWITT.png, id=75, 341.02406pt x 391.4625pt>
File: Figures/DARK_GIRL_PREWITT.png Graphic file (type png)
<use Figures/DARK_GIRL_PREWITT.png>
Package pdftex.def Info: Figures/DARK_GIRL_PREWITT.png  used on input line 116.

(pdftex.def)             Requested size: 142.26378pt x 163.30807pt.
<Figures/DARK_GIRL_SOBEL.png, id=76, 341.02406pt x 391.4625pt>
File: Figures/DARK_GIRL_SOBEL.png Graphic file (type png)
<use Figures/DARK_GIRL_SOBEL.png>
Package pdftex.def Info: Figures/DARK_GIRL_SOBEL.png  used on input line 120.
(pdftex.def)             Requested size: 142.26378pt x 163.30807pt.
<Figures/DARK_GIRL_CANNY.png, id=77, 341.02406pt x 391.4625pt>
File: Figures/DARK_GIRL_CANNY.png Graphic file (type png)
<use Figures/DARK_GIRL_CANNY.png>
Package pdftex.def Info: Figures/DARK_GIRL_CANNY.png  used on input line 120.
(pdftex.def)             Requested size: 142.26378pt x 163.30807pt.
<Figures/DARK_GIRL_ROBERT.png, id=78, 341.02406pt x 391.4625pt>
File: Figures/DARK_GIRL_ROBERT.png Graphic file (type png)
<use Figures/DARK_GIRL_ROBERT.png>
Package pdftex.def Info: Figures/DARK_GIRL_ROBERT.png  used on input line 120.
(pdftex.def)             Requested size: 142.26378pt x 163.30807pt.

Overfull \hbox (7.5473pt too wide) in paragraph at lines 111--124
 [] 
 []


LaTeX Warning: Float too large for page by 3.84819pt on input line 127.

<Figures/GAM1_EN_RGB.png, id=85, 297.36093pt x 379.4175pt>
File: Figures/GAM1_EN_RGB.png Graphic file (type png)
<use Figures/GAM1_EN_RGB.png>
Package pdftex.def Info: Figures/GAM1_EN_RGB.png  used on input line 133.
(pdftex.def)             Requested size: 113.81102pt x 145.21645pt.
<Figures/ASUMU_DETECTOR_GAM1_EN_RGB_0_9.png, id=86, 297.36093pt x 379.4175pt>
File: Figures/ASUMU_DETECTOR_GAM1_EN_RGB_0_9.png Graphic file (type png)
<use Figures/ASUMU_DETECTOR_GAM1_EN_RGB_0_9.png>
Package pdftex.def Info: Figures/ASUMU_DETECTOR_GAM1_EN_RGB_0_9.png  used on in
put line 133.
(pdftex.def)             Requested size: 113.81102pt x 145.21645pt.
<Figures/LOG_GAM1_EN_RGB.png, id=87, 297.36093pt x 379.4175pt>
File: Figures/LOG_GAM1_EN_RGB.png Graphic file (type png)
<use Figures/LOG_GAM1_EN_RGB.png>
Package pdftex.def Info: Figures/LOG_GAM1_EN_RGB.png  used on input line 133.
(pdftex.def)             Requested size: 113.81102pt x 145.21645pt.
<Figures/CF_DETECTOR_GAM1_EN_RGB_0_9.png, id=88, 297.36093pt x 379.4175pt>
File: Figures/CF_DETECTOR_GAM1_EN_RGB_0_9.png Graphic file (type png)
<use Figures/CF_DETECTOR_GAM1_EN_RGB_0_9.png>
Package pdftex.def Info: Figures/CF_DETECTOR_GAM1_EN_RGB_0_9.png  used on input
 line 137.
(pdftex.def)             Requested size: 113.81102pt x 145.21645pt.
<Figures/CAPUTO_DETECTOR_GAM1_EN_RGB_0_9.png, id=89, 297.36093pt x 379.4175pt>
File: Figures/CAPUTO_DETECTOR_GAM1_EN_RGB_0_9.png Graphic file (type png)
<use Figures/CAPUTO_DETECTOR_GAM1_EN_RGB_0_9.png>
Package pdftex.def Info: Figures/CAPUTO_DETECTOR_GAM1_EN_RGB_0_9.png  used on i
nput line 137.
(pdftex.def)             Requested size: 113.81102pt x 145.21645pt.
<Figures/PREWITT_GAM1_EN_RGB.png, id=90, 297.36093pt x 379.4175pt>
File: Figures/PREWITT_GAM1_EN_RGB.png Graphic file (type png)
<use Figures/PREWITT_GAM1_EN_RGB.png>
Package pdftex.def Info: Figures/PREWITT_GAM1_EN_RGB.png  used on input line 13
7.
(pdftex.def)             Requested size: 113.81102pt x 145.21645pt.
<Figures/SOBEL_GAM1_EN_RGB.png, id=91, 297.36093pt x 379.4175pt>
File: Figures/SOBEL_GAM1_EN_RGB.png Graphic file (type png)
<use Figures/SOBEL_GAM1_EN_RGB.png>
Package pdftex.def Info: Figures/SOBEL_GAM1_EN_RGB.png  used on input line 141.

(pdftex.def)             Requested size: 113.81102pt x 145.21645pt.
<Figures/CANNY_GAM1_EN_RGB.png, id=92, 297.36093pt x 379.4175pt>
File: Figures/CANNY_GAM1_EN_RGB.png Graphic file (type png)
<use Figures/CANNY_GAM1_EN_RGB.png>
Package pdftex.def Info: Figures/CANNY_GAM1_EN_RGB.png  used on input line 141.

(pdftex.def)             Requested size: 113.81102pt x 145.21645pt.
<Figures/ROBERT_GAM1_EN_RGB.png, id=93, 297.36093pt x 379.4175pt>
File: Figures/ROBERT_GAM1_EN_RGB.png Graphic file (type png)
<use Figures/ROBERT_GAM1_EN_RGB.png>
Package pdftex.def Info: Figures/ROBERT_GAM1_EN_RGB.png  used on input line 141
.
(pdftex.def)             Requested size: 113.81102pt x 145.21645pt.
<Figures/dark_office_original.png, id=100, 362.10281pt x 320.69812pt>
File: Figures/dark_office_original.png Graphic file (type png)
<use Figures/dark_office_original.png>
Package pdftex.def Info: Figures/dark_office_original.png  used on input line 1
55.
(pdftex.def)             Requested size: 142.26378pt x 125.99661pt.
<Figures/dark_office_asumu_0_9.png, id=101, 362.10281pt x 320.69812pt>
File: Figures/dark_office_asumu_0_9.png Graphic file (type png)
<use Figures/dark_office_asumu_0_9.png>
Package pdftex.def Info: Figures/dark_office_asumu_0_9.png  used on input line 
155.
(pdftex.def)             Requested size: 142.26378pt x 125.99661pt.
<Figures/dark_office_LOG.png, id=102, 362.10281pt x 320.69812pt>
File: Figures/dark_office_LOG.png Graphic file (type png)
<use Figures/dark_office_LOG.png>
Package pdftex.def Info: Figures/dark_office_LOG.png  used on input line 155.
(pdftex.def)             Requested size: 142.26378pt x 125.99661pt.
<Figures/dark_office_CF_0_9.png, id=103, 362.10281pt x 320.69812pt>
File: Figures/dark_office_CF_0_9.png Graphic file (type png)
<use Figures/dark_office_CF_0_9.png>
Package pdftex.def Info: Figures/dark_office_CF_0_9.png  used on input line 159
.
(pdftex.def)             Requested size: 142.26378pt x 125.99661pt.
<Figures/dark_office_Caputo_0_9.png, id=104, 362.10281pt x 320.69812pt>
File: Figures/dark_office_Caputo_0_9.png Graphic file (type png)
<use Figures/dark_office_Caputo_0_9.png>
Package pdftex.def Info: Figures/dark_office_Caputo_0_9.png  used on input line
 159.
(pdftex.def)             Requested size: 142.26378pt x 125.99661pt.
<Figures/dark_office_PREWITT.png, id=105, 362.10281pt x 320.69812pt>
File: Figures/dark_office_PREWITT.png Graphic file (type png)
<use Figures/dark_office_PREWITT.png>
Package pdftex.def Info: Figures/dark_office_PREWITT.png  used on input line 15
9.
(pdftex.def)             Requested size: 142.26378pt x 125.99661pt.
<Figures/dark_office_SOBEL.png, id=106, 362.10281pt x 320.69812pt>
File: Figures/dark_office_SOBEL.png Graphic file (type png)
<use Figures/dark_office_SOBEL.png>
Package pdftex.def Info: Figures/dark_office_SOBEL.png  used on input line 163.

(pdftex.def)             Requested size: 142.26378pt x 125.99661pt.
<Figures/dark_office_CANNY.png, id=107, 362.10281pt x 320.69812pt>
File: Figures/dark_office_CANNY.png Graphic file (type png)
<use Figures/dark_office_CANNY.png>
Package pdftex.def Info: Figures/dark_office_CANNY.png  used on input line 163.

(pdftex.def)             Requested size: 142.26378pt x 125.99661pt.
<Figures/dark_office_ROBERT.png, id=108, 362.10281pt x 320.69812pt>
File: Figures/dark_office_ROBERT.png Graphic file (type png)
<use Figures/dark_office_ROBERT.png>
Package pdftex.def Info: Figures/dark_office_ROBERT.png  used on input line 163
.
(pdftex.def)             Requested size: 142.26378pt x 125.99661pt.

Overfull \hbox (7.5473pt too wide) in paragraph at lines 154--167
 [] 
 []

<Figures/dark_build_original.png, id=115, 362.10281pt x 351.56343pt>
File: Figures/dark_build_original.png Graphic file (type png)
<use Figures/dark_build_original.png>
Package pdftex.def Info: Figures/dark_build_original.png  used on input line 17
6.
(pdftex.def)             Requested size: 142.26378pt x 138.12305pt.
<Figures/dark_build_original_ASUMU_0_9.png, id=116, 362.10281pt x 351.56343pt>
File: Figures/dark_build_original_ASUMU_0_9.png Graphic file (type png)
<use Figures/dark_build_original_ASUMU_0_9.png>
Package pdftex.def Info: Figures/dark_build_original_ASUMU_0_9.png  used on inp
ut line 176.
(pdftex.def)             Requested size: 142.26378pt x 138.12305pt.
<Figures/dark_build_original_log.png, id=117, 362.10281pt x 351.56343pt>
File: Figures/dark_build_original_log.png Graphic file (type png)
<use Figures/dark_build_original_log.png>
Package pdftex.def Info: Figures/dark_build_original_log.png  used on input lin
e 176.
(pdftex.def)             Requested size: 142.26378pt x 138.12305pt.
<Figures/dark_build_original_CF_0_9.png, id=118, 362.10281pt x 351.56343pt>
File: Figures/dark_build_original_CF_0_9.png Graphic file (type png)
<use Figures/dark_build_original_CF_0_9.png>
Package pdftex.def Info: Figures/dark_build_original_CF_0_9.png  used on input 
line 180.
(pdftex.def)             Requested size: 142.26378pt x 138.12305pt.
<Figures/dark_build_original_Caputo_0_9.png, id=119, 362.10281pt x 351.56343pt>

File: Figures/dark_build_original_Caputo_0_9.png Graphic file (type png)
<use Figures/dark_build_original_Caputo_0_9.png>
Package pdftex.def Info: Figures/dark_build_original_Caputo_0_9.png  used on in
put line 180.
(pdftex.def)             Requested size: 142.26378pt x 138.12305pt.
<Figures/dark_build_original_prewitt.png, id=120, 362.10281pt x 351.56343pt>
File: Figures/dark_build_original_prewitt.png Graphic file (type png)
<use Figures/dark_build_original_prewitt.png>
Package pdftex.def Info: Figures/dark_build_original_prewitt.png  used on input
 line 180.
(pdftex.def)             Requested size: 142.26378pt x 138.12305pt.
<Figures/dark_build_original_sobel.png, id=121, 362.10281pt x 351.56343pt>
File: Figures/dark_build_original_sobel.png Graphic file (type png)
<use Figures/dark_build_original_sobel.png>
Package pdftex.def Info: Figures/dark_build_original_sobel.png  used on input l
ine 184.
(pdftex.def)             Requested size: 142.26378pt x 138.12305pt.
<Figures/dark_build_original_canny.png, id=122, 362.10281pt x 351.56343pt>
File: Figures/dark_build_original_canny.png Graphic file (type png)
<use Figures/dark_build_original_canny.png>
Package pdftex.def Info: Figures/dark_build_original_canny.png  used on input l
ine 184.
(pdftex.def)             Requested size: 142.26378pt x 138.12305pt.
<Figures/dark_build_original_roberts.png, id=123, 362.10281pt x 351.56343pt>
File: Figures/dark_build_original_roberts.png Graphic file (type png)
<use Figures/dark_build_original_roberts.png>
Package pdftex.def Info: Figures/dark_build_original_roberts.png  used on input
 line 184.
(pdftex.def)             Requested size: 142.26378pt x 138.12305pt.

Overfull \hbox (7.5473pt too wide) in paragraph at lines 175--188
 [] 
 []

<Figures/median_GAM1_EN_RGB.png, id=130, 297.36093pt x 379.4175pt>
File: Figures/median_GAM1_EN_RGB.png Graphic file (type png)
<use Figures/median_GAM1_EN_RGB.png>
Package pdftex.def Info: Figures/median_GAM1_EN_RGB.png  used on input line 197
.
(pdftex.def)             Requested size: 113.81102pt x 145.21645pt.
<Figures/median_GAM1_EN_RGB_ASUMU_0_9.png, id=131, 297.36093pt x 379.4175pt>
File: Figures/median_GAM1_EN_RGB_ASUMU_0_9.png Graphic file (type png)
<use Figures/median_GAM1_EN_RGB_ASUMU_0_9.png>
Package pdftex.def Info: Figures/median_GAM1_EN_RGB_ASUMU_0_9.png  used on inpu
t line 197.
(pdftex.def)             Requested size: 113.81102pt x 145.21645pt.
<Figures/median_GAM1_EN_RGB_LOG.png, id=132, 297.36093pt x 379.4175pt>
File: Figures/median_GAM1_EN_RGB_LOG.png Graphic file (type png)
<use Figures/median_GAM1_EN_RGB_LOG.png>
Package pdftex.def Info: Figures/median_GAM1_EN_RGB_LOG.png  used on input line
 197.
(pdftex.def)             Requested size: 113.81102pt x 145.21645pt.
<Figures/median_GAM1_EN_RGB_CF_0_9.png, id=133, 297.36093pt x 379.4175pt>
File: Figures/median_GAM1_EN_RGB_CF_0_9.png Graphic file (type png)
<use Figures/median_GAM1_EN_RGB_CF_0_9.png>
Package pdftex.def Info: Figures/median_GAM1_EN_RGB_CF_0_9.png  used on input l
ine 201.
(pdftex.def)             Requested size: 113.81102pt x 145.21645pt.
<Figures/median_GAM1_EN_RGB_CAPUTO_0_9.png, id=134, 297.36093pt x 379.4175pt>
File: Figures/median_GAM1_EN_RGB_CAPUTO_0_9.png Graphic file (type png)
<use Figures/median_GAM1_EN_RGB_CAPUTO_0_9.png>
Package pdftex.def Info: Figures/median_GAM1_EN_RGB_CAPUTO_0_9.png  used on inp
ut line 201.
(pdftex.def)             Requested size: 113.81102pt x 145.21645pt.
<Figures/median_GAM1_EN_RGB_PREWITT.png, id=135, 297.36093pt x 379.4175pt>
File: Figures/median_GAM1_EN_RGB_PREWITT.png Graphic file (type png)
<use Figures/median_GAM1_EN_RGB_PREWITT.png>
Package pdftex.def Info: Figures/median_GAM1_EN_RGB_PREWITT.png  used on input 
line 201.
(pdftex.def)             Requested size: 113.81102pt x 145.21645pt.
<Figures/median_GAM1_EN_RGB_SOBEL.png, id=136, 297.36093pt x 379.4175pt>
File: Figures/median_GAM1_EN_RGB_SOBEL.png Graphic file (type png)
<use Figures/median_GAM1_EN_RGB_SOBEL.png>
Package pdftex.def Info: Figures/median_GAM1_EN_RGB_SOBEL.png  used on input li
ne 205.
(pdftex.def)             Requested size: 113.81102pt x 145.21645pt.
<Figures/median_GAM1_EN_RGB_CANNY.png, id=137, 297.36093pt x 379.4175pt>
File: Figures/median_GAM1_EN_RGB_CANNY.png Graphic file (type png)
<use Figures/median_GAM1_EN_RGB_CANNY.png>
Package pdftex.def Info: Figures/median_GAM1_EN_RGB_CANNY.png  used on input li
ne 205.
(pdftex.def)             Requested size: 113.81102pt x 145.21645pt.
File: Figures/ROBERT_GAM1_EN_RGB.png Graphic file (type png)
<use Figures/ROBERT_GAM1_EN_RGB.png>
Package pdftex.def Info: Figures/ROBERT_GAM1_EN_RGB.png  used on input line 205
.
(pdftex.def)             Requested size: 113.81102pt x 145.21645pt.
<Figures/median_dark_girl.png, id=144, 341.02406pt x 391.4625pt>
File: Figures/median_dark_girl.png Graphic file (type png)
<use Figures/median_dark_girl.png>
Package pdftex.def Info: Figures/median_dark_girl.png  used on input line 218.
(pdftex.def)             Requested size: 142.26378pt x 163.30807pt.
<Figures/median_dark_girl_ASUMU_0_9.png, id=145, 341.02406pt x 391.4625pt>
File: Figures/median_dark_girl_ASUMU_0_9.png Graphic file (type png)
<use Figures/median_dark_girl_ASUMU_0_9.png>
Package pdftex.def Info: Figures/median_dark_girl_ASUMU_0_9.png  used on input 
line 218.
(pdftex.def)             Requested size: 142.26378pt x 163.30807pt.
<Figures/median_dark_girl_LOG.png, id=146, 341.02406pt x 391.4625pt>
File: Figures/median_dark_girl_LOG.png Graphic file (type png)
<use Figures/median_dark_girl_LOG.png>
Package pdftex.def Info: Figures/median_dark_girl_LOG.png  used on input line 2
18.
(pdftex.def)             Requested size: 142.26378pt x 163.30807pt.
<Figures/median_dark_girl_CF_0_9.png, id=147, 341.02406pt x 391.4625pt>
File: Figures/median_dark_girl_CF_0_9.png Graphic file (type png)
<use Figures/median_dark_girl_CF_0_9.png>
Package pdftex.def Info: Figures/median_dark_girl_CF_0_9.png  used on input lin
e 222.
(pdftex.def)             Requested size: 142.26378pt x 163.30807pt.
<Figures/median_dark_girl_CAPUTO_0_97.png, id=148, 341.02406pt x 391.4625pt>
File: Figures/median_dark_girl_CAPUTO_0_97.png Graphic file (type png)
<use Figures/median_dark_girl_CAPUTO_0_97.png>
Package pdftex.def Info: Figures/median_dark_girl_CAPUTO_0_97.png  used on inpu
t line 222.
(pdftex.def)             Requested size: 142.26378pt x 163.30807pt.
<Figures/median_dark_girl_PREWITT.png, id=149, 341.02406pt x 391.4625pt>
File: Figures/median_dark_girl_PREWITT.png Graphic file (type png)
<use Figures/median_dark_girl_PREWITT.png>
Package pdftex.def Info: Figures/median_dark_girl_PREWITT.png  used on input li
ne 222.
(pdftex.def)             Requested size: 142.26378pt x 163.30807pt.
<Figures/median_dark_girl_SOBEL.png, id=150, 341.02406pt x 391.4625pt>
File: Figures/median_dark_girl_SOBEL.png Graphic file (type png)
<use Figures/median_dark_girl_SOBEL.png>
Package pdftex.def Info: Figures/median_dark_girl_SOBEL.png  used on input line
 226.
(pdftex.def)             Requested size: 142.26378pt x 163.30807pt.
<Figures/median_dark_girl_CANNY.png, id=151, 341.02406pt x 391.4625pt>
File: Figures/median_dark_girl_CANNY.png Graphic file (type png)
<use Figures/median_dark_girl_CANNY.png>
Package pdftex.def Info: Figures/median_dark_girl_CANNY.png  used on input line
 226.
(pdftex.def)             Requested size: 142.26378pt x 163.30807pt.
<Figures/median_dark_girl_ROBERTS.png, id=152, 341.02406pt x 391.4625pt>
File: Figures/median_dark_girl_ROBERTS.png Graphic file (type png)
<use Figures/median_dark_girl_ROBERTS.png>
Package pdftex.def Info: Figures/median_dark_girl_ROBERTS.png  used on input li
ne 226.
(pdftex.def)             Requested size: 142.26378pt x 163.30807pt.

Overfull \hbox (7.5473pt too wide) in paragraph at lines 217--230
 [] 
 []


LaTeX Warning: Float too large for page by 3.84819pt on input line 233.

<Figures/median_dark_build.png, id=159, 364.36125pt x 354.57469pt>
File: Figures/median_dark_build.png Graphic file (type png)
<use Figures/median_dark_build.png>
Package pdftex.def Info: Figures/median_dark_build.png  used on input line 239.

(pdftex.def)             Requested size: 142.26378pt x 138.44046pt.
<Figures/median_dark_build_ASUMU_0_9.png, id=160, 364.36125pt x 354.57469pt>
File: Figures/median_dark_build_ASUMU_0_9.png Graphic file (type png)
<use Figures/median_dark_build_ASUMU_0_9.png>
Package pdftex.def Info: Figures/median_dark_build_ASUMU_0_9.png  used on input
 line 239.
(pdftex.def)             Requested size: 142.26378pt x 138.44046pt.
<Figures/median_dark_build_LOG.png, id=161, 364.36125pt x 354.57469pt>
File: Figures/median_dark_build_LOG.png Graphic file (type png)
<use Figures/median_dark_build_LOG.png>
Package pdftex.def Info: Figures/median_dark_build_LOG.png  used on input line 
239.
(pdftex.def)             Requested size: 142.26378pt x 138.44046pt.
<Figures/median_dark_build_CF_0_9.png, id=162, 364.36125pt x 354.57469pt>
File: Figures/median_dark_build_CF_0_9.png Graphic file (type png)
<use Figures/median_dark_build_CF_0_9.png>
Package pdftex.def Info: Figures/median_dark_build_CF_0_9.png  used on input li
ne 243.
(pdftex.def)             Requested size: 142.26378pt x 138.44046pt.
<Figures/median_dark_build_CAPUTO_0_9.png, id=163, 364.36125pt x 354.57469pt>
File: Figures/median_dark_build_CAPUTO_0_9.png Graphic file (type png)
<use Figures/median_dark_build_CAPUTO_0_9.png>
Package pdftex.def Info: Figures/median_dark_build_CAPUTO_0_9.png  used on inpu
t line 243.
(pdftex.def)             Requested size: 142.26378pt x 138.44046pt.
<Figures/median_dark_build_PREWITT.png, id=164, 364.36125pt x 354.57469pt>
File: Figures/median_dark_build_PREWITT.png Graphic file (type png)
<use Figures/median_dark_build_PREWITT.png>
Package pdftex.def Info: Figures/median_dark_build_PREWITT.png  used on input l
ine 243.
(pdftex.def)             Requested size: 142.26378pt x 138.44046pt.
<Figures/median_dark_build_SOBEL.png, id=165, 364.36125pt x 354.57469pt>
File: Figures/median_dark_build_SOBEL.png Graphic file (type png)
<use Figures/median_dark_build_SOBEL.png>
Package pdftex.def Info: Figures/median_dark_build_SOBEL.png  used on input lin
e 247.
(pdftex.def)             Requested size: 142.26378pt x 138.44046pt.
<Figures/median_dark_build_CANNY.png, id=166, 364.36125pt x 354.57469pt>
File: Figures/median_dark_build_CANNY.png Graphic file (type png)
<use Figures/median_dark_build_CANNY.png>
Package pdftex.def Info: Figures/median_dark_build_CANNY.png  used on input lin
e 247.
(pdftex.def)             Requested size: 142.26378pt x 138.44046pt.
<Figures/median_dark_build_ROBERTS.png, id=167, 364.36125pt x 354.57469pt>
File: Figures/median_dark_build_ROBERTS.png Graphic file (type png)
<use Figures/median_dark_build_ROBERTS.png>
Package pdftex.def Info: Figures/median_dark_build_ROBERTS.png  used on input l
ine 247.
(pdftex.def)             Requested size: 142.26378pt x 138.44046pt.

Overfull \hbox (7.5473pt too wide) in paragraph at lines 238--251
 [] 
 []

<Figures/median_BECQUER.png, id=174, 226.59656pt x 303.38344pt>
File: Figures/median_BECQUER.png Graphic file (type png)
<use Figures/median_BECQUER.png>
Package pdftex.def Info: Figures/median_BECQUER.png  used on input line 261.
(pdftex.def)             Requested size: 113.81102pt x 152.37646pt.
<Figures/median_BECQUER_ASUMU_0_9.png, id=175, 226.59656pt x 303.38344pt>
File: Figures/median_BECQUER_ASUMU_0_9.png Graphic file (type png)
<use Figures/median_BECQUER_ASUMU_0_9.png>
Package pdftex.def Info: Figures/median_BECQUER_ASUMU_0_9.png  used on input li
ne 261.
(pdftex.def)             Requested size: 113.81102pt x 152.37646pt.
<Figures/median_BECQUER_LOG.png, id=176, 226.59656pt x 303.38344pt>
File: Figures/median_BECQUER_LOG.png Graphic file (type png)
<use Figures/median_BECQUER_LOG.png>
Package pdftex.def Info: Figures/median_BECQUER_LOG.png  used on input line 261
.
(pdftex.def)             Requested size: 113.81102pt x 152.37646pt.
<Figures/median_BECQUER_CF_0_9.png, id=177, 226.59656pt x 303.38344pt>
File: Figures/median_BECQUER_CF_0_9.png Graphic file (type png)
<use Figures/median_BECQUER_CF_0_9.png>
Package pdftex.def Info: Figures/median_BECQUER_CF_0_9.png  used on input line 
265.
(pdftex.def)             Requested size: 113.81102pt x 152.37646pt.
<Figures/median_BECQUER_CAPUTO_0_9.png, id=178, 226.59656pt x 303.38344pt>
File: Figures/median_BECQUER_CAPUTO_0_9.png Graphic file (type png)
<use Figures/median_BECQUER_CAPUTO_0_9.png>
Package pdftex.def Info: Figures/median_BECQUER_CAPUTO_0_9.png  used on input l
ine 265.
(pdftex.def)             Requested size: 113.81102pt x 152.37646pt.
<Figures/median_BECQUER_PREWITT.png, id=179, 226.59656pt x 303.38344pt>
File: Figures/median_BECQUER_PREWITT.png Graphic file (type png)
<use Figures/median_BECQUER_PREWITT.png>
Package pdftex.def Info: Figures/median_BECQUER_PREWITT.png  used on input line
 265.
(pdftex.def)             Requested size: 113.81102pt x 152.37646pt.
<Figures/median_BECQUER_SOBEL.png, id=180, 226.59656pt x 303.38344pt>
File: Figures/median_BECQUER_SOBEL.png Graphic file (type png)
<use Figures/median_BECQUER_SOBEL.png>
Package pdftex.def Info: Figures/median_BECQUER_SOBEL.png  used on input line 2
69.
(pdftex.def)             Requested size: 113.81102pt x 152.37646pt.
<Figures/median_BECQUER_CANNY.png, id=181, 226.59656pt x 303.38344pt>
File: Figures/median_BECQUER_CANNY.png Graphic file (type png)
<use Figures/median_BECQUER_CANNY.png>
Package pdftex.def Info: Figures/median_BECQUER_CANNY.png  used on input line 2
69.
(pdftex.def)             Requested size: 113.81102pt x 152.37646pt.
<Figures/median_BECQUER_ROBERTS.png, id=182, 226.59656pt x 303.38344pt>
File: Figures/median_BECQUER_ROBERTS.png Graphic file (type png)
<use Figures/median_BECQUER_ROBERTS.png>
Package pdftex.def Info: Figures/median_BECQUER_ROBERTS.png  used on input line
 269.
(pdftex.def)             Requested size: 113.81102pt x 152.37646pt.
<Figures/median_dark_office_original.png, id=189, 362.10281pt x 320.69812pt>
File: Figures/median_dark_office_original.png Graphic file (type png)
<use Figures/median_dark_office_original.png>
Package pdftex.def Info: Figures/median_dark_office_original.png  used on input
 line 282.
(pdftex.def)             Requested size: 142.26378pt x 125.99661pt.
<Figures/median_dark_office_original_ASUMU_0_9.png, id=190, 362.10281pt x 320.6
9812pt>
File: Figures/median_dark_office_original_ASUMU_0_9.png Graphic file (type png)

<use Figures/median_dark_office_original_ASUMU_0_9.png>
Package pdftex.def Info: Figures/median_dark_office_original_ASUMU_0_9.png  use
d on input line 282.
(pdftex.def)             Requested size: 142.26378pt x 125.99661pt.
<Figures/median_dark_office_original_LOG.png, id=191, 362.10281pt x 320.69812pt
>
File: Figures/median_dark_office_original_LOG.png Graphic file (type png)
<use Figures/median_dark_office_original_LOG.png>
Package pdftex.def Info: Figures/median_dark_office_original_LOG.png  used on i
nput line 282.
(pdftex.def)             Requested size: 142.26378pt x 125.99661pt.
<Figures/median_dark_office_original_CF_0_9.png, id=192, 362.10281pt x 320.6981
2pt>
File: Figures/median_dark_office_original_CF_0_9.png Graphic file (type png)
<use Figures/median_dark_office_original_CF_0_9.png>
Package pdftex.def Info: Figures/median_dark_office_original_CF_0_9.png  used o
n input line 286.
(pdftex.def)             Requested size: 142.26378pt x 125.99661pt.
<Figures/median_dark_office_original_CAPUTO_0_97.png, id=193, 362.10281pt x 320
.69812pt>
File: Figures/median_dark_office_original_CAPUTO_0_97.png Graphic file (type pn
g)
<use Figures/median_dark_office_original_CAPUTO_0_97.png>
Package pdftex.def Info: Figures/median_dark_office_original_CAPUTO_0_97.png  u
sed on input line 286.
(pdftex.def)             Requested size: 142.26378pt x 125.99661pt.
<Figures/median_dark_office_original_PREWITT.png, id=194, 362.10281pt x 320.698
12pt>
File: Figures/median_dark_office_original_PREWITT.png Graphic file (type png)
<use Figures/median_dark_office_original_PREWITT.png>
Package pdftex.def Info: Figures/median_dark_office_original_PREWITT.png  used 
on input line 286.
(pdftex.def)             Requested size: 142.26378pt x 125.99661pt.
<Figures/median_dark_office_original_SOBEL.png, id=195, 362.10281pt x 320.69812
pt>
File: Figures/median_dark_office_original_SOBEL.png Graphic file (type png)
<use Figures/median_dark_office_original_SOBEL.png>
Package pdftex.def Info: Figures/median_dark_office_original_SOBEL.png  used on
 input line 290.
(pdftex.def)             Requested size: 142.26378pt x 125.99661pt.
<Figures/median_dark_office_original_CANNY.png, id=196, 362.10281pt x 320.69812
pt>
File: Figures/median_dark_office_original_CANNY.png Graphic file (type png)
<use Figures/median_dark_office_original_CANNY.png>
Package pdftex.def Info: Figures/median_dark_office_original_CANNY.png  used on
 input line 290.
(pdftex.def)             Requested size: 142.26378pt x 125.99661pt.
<Figures/median_dark_office_original_ROBERTS.png, id=197, 362.10281pt x 320.698
12pt>
File: Figures/median_dark_office_original_ROBERTS.png Graphic file (type png)
<use Figures/median_dark_office_original_ROBERTS.png>
Package pdftex.def Info: Figures/median_dark_office_original_ROBERTS.png  used 
on input line 290.
(pdftex.def)             Requested size: 142.26378pt x 125.99661pt.

Overfull \hbox (7.5473pt too wide) in paragraph at lines 281--294
 [] 
 []

File: Figures/dark_office_original.png Graphic file (type png)
<use Figures/dark_office_original.png>
Package pdftex.def Info: Figures/dark_office_original.png  used on input line 3
07.
(pdftex.def)             Requested size: 170.71652pt x 151.19789pt.
File: Figures/median_dark_office_original.png Graphic file (type png)
<use Figures/median_dark_office_original.png>
Package pdftex.def Info: Figures/median_dark_office_original.png  used on input
 line 307.
(pdftex.def)             Requested size: 170.71652pt x 151.19789pt.
File: Figures/dark_office_Caputo_0_9.png Graphic file (type png)
<use Figures/dark_office_Caputo_0_9.png>
Package pdftex.def Info: Figures/dark_office_Caputo_0_9.png  used on input line
 311.
(pdftex.def)             Requested size: 170.71652pt x 151.19789pt.
File: Figures/median_dark_office_original_CAPUTO_0_97.png Graphic file (type pn
g)
<use Figures/median_dark_office_original_CAPUTO_0_97.png>
Package pdftex.def Info: Figures/median_dark_office_original_CAPUTO_0_97.png  u
sed on input line 311.
(pdftex.def)             Requested size: 170.71652pt x 151.19789pt.
File: Figures/dark_office_CF_0_9.png Graphic file (type png)
<use Figures/dark_office_CF_0_9.png>
Package pdftex.def Info: Figures/dark_office_CF_0_9.png  used on input line 315
.
(pdftex.def)             Requested size: 170.71652pt x 151.19789pt.
File: Figures/median_dark_office_original_CF_0_9.png Graphic file (type png)
<use Figures/median_dark_office_original_CF_0_9.png>
Package pdftex.def Info: Figures/median_dark_office_original_CF_0_9.png  used o
n input line 315.
(pdftex.def)             Requested size: 170.71652pt x 151.19789pt.
File: Figures/BECQUER2.jpg Graphic file (type jpg)
<use Figures/BECQUER2.jpg>
Package pdftex.def Info: Figures/BECQUER2.jpg  used on input line 328.
(pdftex.def)             Requested size: 113.81102pt x 152.37646pt.
File: Figures/median_BECQUER.png Graphic file (type png)
<use Figures/median_BECQUER.png>
Package pdftex.def Info: Figures/median_BECQUER.png  used on input line 328.
(pdftex.def)             Requested size: 113.81102pt x 152.37646pt.
File: Figures/CAPUTO_DETECTOR_BECQUER_0_9.png Graphic file (type png)
<use Figures/CAPUTO_DETECTOR_BECQUER_0_9.png>
Package pdftex.def Info: Figures/CAPUTO_DETECTOR_BECQUER_0_9.png  used on input
 line 332.
(pdftex.def)             Requested size: 113.81102pt x 152.37646pt.
File: Figures/median_BECQUER_CAPUTO_0_9.png Graphic file (type png)
<use Figures/median_BECQUER_CAPUTO_0_9.png>
Package pdftex.def Info: Figures/median_BECQUER_CAPUTO_0_9.png  used on input l
ine 332.
(pdftex.def)             Requested size: 113.81102pt x 152.37646pt.
File: Figures/C_F_DETECTOR_BECQUER_0_9.png Graphic file (type png)
<use Figures/C_F_DETECTOR_BECQUER_0_9.png>
Package pdftex.def Info: Figures/C_F_DETECTOR_BECQUER_0_9.png  used on input li
ne 336.
(pdftex.def)             Requested size: 113.81102pt x 152.37646pt.
File: Figures/median_BECQUER_CF_0_9.png Graphic file (type png)
<use Figures/median_BECQUER_CF_0_9.png>
Package pdftex.def Info: Figures/median_BECQUER_CF_0_9.png  used on input line 
336.
(pdftex.def)             Requested size: 113.81102pt x 152.37646pt.
File: Figures/dark_build_original.png Graphic file (type png)
<use Figures/dark_build_original.png>
Package pdftex.def Info: Figures/dark_build_original.png  used on input line 34
9.
(pdftex.def)             Requested size: 170.71652pt x 165.74982pt.
File: Figures/median_dark_build.png Graphic file (type png)
<use Figures/median_dark_build.png>
Package pdftex.def Info: Figures/median_dark_build.png  used on input line 349.

(pdftex.def)             Requested size: 170.71652pt x 166.13072pt.
File: Figures/dark_build_original_Caputo_0_9.png Graphic file (type png)
<use Figures/dark_build_original_Caputo_0_9.png>
Package pdftex.def Info: Figures/dark_build_original_Caputo_0_9.png  used on in
put line 353.
(pdftex.def)             Requested size: 170.71652pt x 165.74982pt.
File: Figures/median_dark_build_CAPUTO_0_9.png Graphic file (type png)
<use Figures/median_dark_build_CAPUTO_0_9.png>
Package pdftex.def Info: Figures/median_dark_build_CAPUTO_0_9.png  used on inpu
t line 353.
(pdftex.def)             Requested size: 170.71652pt x 166.13072pt.
File: Figures/dark_build_original_CF_0_9.png Graphic file (type png)
<use Figures/dark_build_original_CF_0_9.png>
Package pdftex.def Info: Figures/dark_build_original_CF_0_9.png  used on input 
line 357.
(pdftex.def)             Requested size: 170.71652pt x 165.74982pt.
File: Figures/median_dark_build_CF_0_9.png Graphic file (type png)
<use Figures/median_dark_build_CF_0_9.png>
Package pdftex.def Info: Figures/median_dark_build_CF_0_9.png  used on input li
ne 357.
(pdftex.def)             Requested size: 170.71652pt x 166.13072pt.
File: Figures/dark_girl.png Graphic file (type png)
<use Figures/dark_girl.png>
Package pdftex.def Info: Figures/dark_girl.png  used on input line 370.
(pdftex.def)             Requested size: 142.26378pt x 163.30807pt.
File: Figures/median_dark_girl.png Graphic file (type png)
<use Figures/median_dark_girl.png>
Package pdftex.def Info: Figures/median_dark_girl.png  used on input line 370.
(pdftex.def)             Requested size: 142.26378pt x 163.30807pt.
File: Figures/DARK_GIRL_CAPUTO_0_9.png Graphic file (type png)
<use Figures/DARK_GIRL_CAPUTO_0_9.png>
Package pdftex.def Info: Figures/DARK_GIRL_CAPUTO_0_9.png  used on input line 3
74.
(pdftex.def)             Requested size: 142.26378pt x 163.30807pt.
File: Figures/median_dark_girl_CAPUTO_0_97.png Graphic file (type png)
<use Figures/median_dark_girl_CAPUTO_0_97.png>
Package pdftex.def Info: Figures/median_dark_girl_CAPUTO_0_97.png  used on inpu
t line 374.
(pdftex.def)             Requested size: 142.26378pt x 163.30807pt.
File: Figures/DARK_GIRL_CF_0_89.png Graphic file (type png)
<use Figures/DARK_GIRL_CF_0_89.png>
Package pdftex.def Info: Figures/DARK_GIRL_CF_0_89.png  used on input line 378.

(pdftex.def)             Requested size: 142.26378pt x 163.30807pt.
File: Figures/median_dark_girl_CF_0_9.png Graphic file (type png)
<use Figures/median_dark_girl_CF_0_9.png>
Package pdftex.def Info: Figures/median_dark_girl_CF_0_9.png  used on input lin
e 378.
(pdftex.def)             Requested size: 142.26378pt x 163.30807pt.
File: Figures/GAM1_EN_RGB.png Graphic file (type png)
<use Figures/GAM1_EN_RGB.png>
Package pdftex.def Info: Figures/GAM1_EN_RGB.png  used on input line 391.
(pdftex.def)             Requested size: 142.26378pt x 181.51622pt.
File: Figures/median_GAM1_EN_RGB.png Graphic file (type png)
<use Figures/median_GAM1_EN_RGB.png>
Package pdftex.def Info: Figures/median_GAM1_EN_RGB.png  used on input line 391
.
(pdftex.def)             Requested size: 142.26378pt x 181.51622pt.
File: Figures/CAPUTO_DETECTOR_GAM1_EN_RGB_0_9.png Graphic file (type png)
<use Figures/CAPUTO_DETECTOR_GAM1_EN_RGB_0_9.png>
Package pdftex.def Info: Figures/CAPUTO_DETECTOR_GAM1_EN_RGB_0_9.png  used on i
nput line 395.
(pdftex.def)             Requested size: 142.26378pt x 181.51622pt.
File: Figures/median_GAM1_EN_RGB_CAPUTO_0_9.png Graphic file (type png)
<use Figures/median_GAM1_EN_RGB_CAPUTO_0_9.png>
Package pdftex.def Info: Figures/median_GAM1_EN_RGB_CAPUTO_0_9.png  used on inp
ut line 395.
(pdftex.def)             Requested size: 142.26378pt x 181.51622pt.
File: Figures/CF_DETECTOR_GAM1_EN_RGB_0_9.png Graphic file (type png)
<use Figures/CF_DETECTOR_GAM1_EN_RGB_0_9.png>
Package pdftex.def Info: Figures/CF_DETECTOR_GAM1_EN_RGB_0_9.png  used on input
 line 399.
(pdftex.def)             Requested size: 142.26378pt x 181.51622pt.
File: Figures/median_GAM1_EN_RGB_CF_0_9.png Graphic file (type png)
<use Figures/median_GAM1_EN_RGB_CF_0_9.png>
Package pdftex.def Info: Figures/median_GAM1_EN_RGB_CF_0_9.png  used on input l
ine 399.
(pdftex.def)             Requested size: 142.26378pt x 181.51622pt.

LaTeX Warning: Float too large for page by 30.27261pt on input line 406.


Underfull \hbox (badness 10000) in paragraph at lines 79--409

 []


Underfull \hbox (badness 10000) in paragraph at lines 79--409

 []


Underfull \hbox (badness 10000) in paragraph at lines 79--409

 []


Underfull \hbox (badness 10000) in paragraph at lines 79--409

 []


Underfull \hbox (badness 10000) in paragraph at lines 410--418

 []


Underfull \hbox (badness 10000) in paragraph at lines 410--418

 []


Underfull \hbox (badness 10000) in paragraph at lines 410--418

 []

[3] [4 <./Figures/BECQUER2.jpg> <./Figures/ASUMU_DETECTOR_BECQUER_0_81.png> <./
Figures/BECQUER_LOG.png> <./Figures/C_F_DETECTOR_BECQUER_0_9.png> <./Figures/CA
PUTO_DETECTOR_BECQUER_0_9.png> <./Figures/BECQUER_PREWITT.png> <./Figures/BECQU
ER_SOBEL.png> <./Figures/BECQUER_CANNY.png> <./Figures/BECQUER_ROBERT.png>]
[5 <./Figures/dark_girl.png> <./Figures/DARK_GIRL_ASUMU_OPERATOR_0_89.png> <./F
igures/DARK_GIRL_LOG.png> <./Figures/DARK_GIRL_CF_0_89.png> <./Figures/DARK_GIR
L_CAPUTO_0_9.png> <./Figures/DARK_GIRL_PREWITT.png> <./Figures/DARK_GIRL_SOBEL.
png> <./Figures/DARK_GIRL_CANNY.png> <./Figures/DARK_GIRL_ROBERT.png>] [6 <./Fi
gures/GAM1_EN_RGB.png> <./Figures/ASUMU_DETECTOR_GAM1_EN_RGB_0_9.png> <./Figure
s/LOG_GAM1_EN_RGB.png> <./Figures/CF_DETECTOR_GAM1_EN_RGB_0_9.png> <./Figures/C
APUTO_DETECTOR_GAM1_EN_RGB_0_9.png> <./Figures/PREWITT_GAM1_EN_RGB.png> <./Figu
res/SOBEL_GAM1_EN_RGB.png> <./Figures/CANNY_GAM1_EN_RGB.png> <./Figures/ROBERT_
GAM1_EN_RGB.png>] [7 <./Figures/dark_office_original.png> <./Figures/dark_offic
e_asumu_0_9.png> <./Figures/dark_office_LOG.png> <./Figures/dark_office_CF_0_9.
png> <./Figures/dark_office_Caputo_0_9.png> <./Figures/dark_office_PREWITT.png>
 <./Figures/dark_office_SOBEL.png> <./Figures/dark_office_CANNY.png> <./Figures
/dark_office_ROBERT.png>] [8 <./Figures/dark_build_original.png> <./Figures/dar
k_build_original_ASUMU_0_9.png> <./Figures/dark_build_original_log.png> <./Figu
res/dark_build_original_CF_0_9.png> <./Figures/dark_build_original_Caputo_0_9.p
ng> <./Figures/dark_build_original_prewitt.png> <./Figures/dark_build_original_
sobel.png> <./Figures/dark_build_original_canny.png> <./Figures/dark_build_orig
inal_roberts.png>] [9 <./Figures/median_GAM1_EN_RGB.png> <./Figures/median_GAM1
_EN_RGB_ASUMU_0_9.png> <./Figures/median_GAM1_EN_RGB_LOG.png> <./Figures/median
_GAM1_EN_RGB_CF_0_9.png> <./Figures/median_GAM1_EN_RGB_CAPUTO_0_9.png> <./Figur
es/median_GAM1_EN_RGB_PREWITT.png> <./Figures/median_GAM1_EN_RGB_SOBEL.png> <./
Figures/median_GAM1_EN_RGB_CANNY.png>] [10 <./Figures/median_dark_girl.png> <./
Figures/median_dark_girl_ASUMU_0_9.png> <./Figures/median_dark_girl_LOG.png> <.
/Figures/median_dark_girl_CF_0_9.png> <./Figures/median_dark_girl_CAPUTO_0_97.p
ng> <./Figures/median_dark_girl_PREWITT.png> <./Figures/median_dark_girl_SOBEL.
png> <./Figures/median_dark_girl_CANNY.png> <./Figures/median_dark_girl_ROBERTS
.png>] [11 <./Figures/median_dark_build.png> <./Figures/median_dark_build_ASUMU
_0_9.png> <./Figures/median_dark_build_LOG.png> <./Figures/median_dark_build_CF
_0_9.png> <./Figures/median_dark_build_CAPUTO_0_9.png> <./Figures/median_dark_b
uild_PREWITT.png> <./Figures/median_dark_build_SOBEL.png> <./Figures/median_dar
k_build_CANNY.png> <./Figures/median_dark_build_ROBERTS.png>] [12 <./Figures/me
dian_BECQUER.png> <./Figures/median_BECQUER_ASUMU_0_9.png> <./Figures/median_BE
CQUER_LOG.png> <./Figures/median_BECQUER_CF_0_9.png> <./Figures/median_BECQUER_
CAPUTO_0_9.png> <./Figures/median_BECQUER_PREWITT.png> <./Figures/median_BECQUE
R_SOBEL.png> <./Figures/median_BECQUER_CANNY.png> <./Figures/median_BECQUER_ROB
ERTS.png>] [13 <./Figures/median_dark_office_original.png> <./Figures/median_da
rk_office_original_ASUMU_0_9.png> <./Figures/median_dark_office_original_LOG.pn
g> <./Figures/median_dark_office_original_CF_0_9.png> <./Figures/median_dark_of
fice_original_CAPUTO_0_97.png> <./Figures/median_dark_office_original_PREWITT.p
ng> <./Figures/median_dark_office_original_SOBEL.png> <./Figures/median_dark_of
fice_original_CANNY.png> <./Figures/median_dark_office_original_ROBERTS.png>]
[14] [15] [16] [17] [18] [19] [20] (DETECTAR_BORDES_IMAGENES_OSCURAS.aux
LaTeX Info: Redefining \. on input line 23.
LaTeX Info: Redefining \% on input line 23.
)
Package rerunfilecheck Info: File `DETECTAR_BORDES_IMAGENES_OSCURAS.out' has no
t changed.
(rerunfilecheck)             Checksum: FD1AE77F27D24D13FCE4DEF6E8419710;342.
 ) 
Here is how much of TeX's memory you used:
 12345 strings out of 475385
 208101 string characters out of 2775962
 640089 words of memory out of 3000000
 33423 multiletter control sequences out of 15000+600000
 475473 words of font info for 51 fonts, out of 8000000 for 9000
 1141 hyphenation exceptions out of 8191
 72i,13n,77p,3356b,571s stack positions out of 10000i,1000n,20000p,200000b,80000s
<C:/Users/Gustavo/AppData/Local/Programs/MiKTeX/fonts/type1/public/amsfonts/c
m/cmbx10.pfb><C:/Users/Gustavo/AppData/Local/Programs/MiKTeX/fonts/type1/public
/amsfonts/cm/cmbx12.pfb><C:/Users/Gustavo/AppData/Local/Programs/MiKTeX/fonts/t
ype1/public/amsfonts/cm/cmmi10.pfb><C:/Users/Gustavo/AppData/Local/Programs/MiK
TeX/fonts/type1/public/amsfonts/cm/cmr10.pfb><C:/Users/Gustavo/AppData/Local/Pr
ograms/MiKTeX/fonts/type1/public/amsfonts/cm/cmr8.pfb><C:/Users/Gustavo/AppData
/Local/Programs/MiKTeX/fonts/type1/public/amsfonts/cm/cmti10.pfb>
Output written on DETECTAR_BORDES_IMAGENES_OSCURAS.pdf (20 pages, 3424092 bytes
).
PDF statistics:
 479 PDF objects out of 1000 (max. 8388607)
 55 named destinations out of 1000 (max. 500000)
 470 words of extra memory for PDF output out of 10000 (max. 10000000)

